[23-Jan-2026 13:38:46] NOTICE: fpm is running, pid 18884
[23-Jan-2026 13:38:46] NOTICE: ready to handle connections
[23-Jan-2026 18:03:44] NOTICE: Terminating ...
[23-Jan-2026 18:03:44] NOTICE: Terminating ...
[23-Jan-2026 18:03:44] NOTICE: exiting, bye-bye!
[23-Jan-2026 20:46:02] NOTICE: fpm is running, pid 4853
[23-Jan-2026 20:46:02] NOTICE: ready to handle connections
[23-Jan-2026 23:08:29] NOTICE: Terminating ...
[23-Jan-2026 23:08:29] NOTICE: Terminating ...
[23-Jan-2026 23:08:29] NOTICE: exiting, bye-bye!
[26-Jan-2026 10:43:13] NOTICE: fpm is running, pid 3891
[26-Jan-2026 10:43:13] NOTICE: ready to handle connections
[26-Jan-2026 23:18:28] NOTICE: Terminating ...
[26-Jan-2026 23:18:28] NOTICE: Terminating ...
[26-Jan-2026 23:18:28] NOTICE: exiting, bye-bye!
[26-Jan-2026 23:18:33] NOTICE: fpm is running, pid 94051
[26-Jan-2026 23:18:33] NOTICE: ready to handle connections
[27-Jan-2026 00:13:40] NOTICE: Terminating ...
[27-Jan-2026 00:13:40] NOTICE: Terminating ...
[27-Jan-2026 00:13:40] NOTICE: exiting, bye-bye!
[27-Jan-2026 10:31:37] NOTICE: fpm is running, pid 6311
[27-Jan-2026 10:31:37] NOTICE: ready to handle connections
[28-Jan-2026 20:52:26] NOTICE: Terminating ...
[28-Jan-2026 20:52:26] NOTICE: Terminating ...
[28-Jan-2026 20:52:26] NOTICE: exiting, bye-bye!
[04-Feb-2026 13:30:17] NOTICE: fpm is running, pid 26760
[04-Feb-2026 13:30:17] NOTICE: ready to handle connections
[04-Feb-2026 23:09:33] NOTICE: Terminating ...
[04-Feb-2026 23:09:33] NOTICE: Terminating ...
[04-Feb-2026 23:09:33] NOTICE: exiting, bye-bye!
[04-Feb-2026 23:14:58] NOTICE: fpm is running, pid 52871
[04-Feb-2026 23:14:58] NOTICE: ready to handle connections
[05-Feb-2026 01:51:40] NOTICE: Terminating ...
[05-Feb-2026 01:51:40] NOTICE: Terminating ...
[05-Feb-2026 01:51:40] NOTICE: exiting, bye-bye!
[05-Feb-2026 10:13:18] NOTICE: fpm is running, pid 1306
[05-Feb-2026 10:13:18] NOTICE: ready to handle connections
[06-Feb-2026 23:07:26] NOTICE: Terminating ...
[06-Feb-2026 23:07:26] NOTICE: Terminating ...
[06-Feb-2026 23:07:26] NOTICE: exiting, bye-bye!
[07-Feb-2026 15:26:59] NOTICE: fpm is running, pid 2123
[07-Feb-2026 15:26:59] NOTICE: ready to handle connections
[09-Feb-2026 22:07:46] NOTICE: Terminating ...
[09-Feb-2026 22:07:46] NOTICE: Terminating ...
[09-Feb-2026 22:07:46] NOTICE: exiting, bye-bye!
[10-Feb-2026 13:44:55] NOTICE: fpm is running, pid 9384
[10-Feb-2026 13:44:55] NOTICE: ready to handle connections
[10-Feb-2026 14:23:34] NOTICE: Terminating ...
[10-Feb-2026 14:23:34] NOTICE: Terminating ...
[10-Feb-2026 14:23:34] NOTICE: exiting, bye-bye!
[11-Feb-2026 12:59:50] NOTICE: fpm is running, pid 7600
[11-Feb-2026 12:59:50] NOTICE: ready to handle connections
[12-Feb-2026 00:43:51] NOTICE: Terminating ...
[12-Feb-2026 00:43:51] NOTICE: Terminating ...
[12-Feb-2026 00:43:51] NOTICE: exiting, bye-bye!
[12-Feb-2026 10:31:48] NOTICE: fpm is running, pid 5336
[12-Feb-2026 10:31:48] NOTICE: ready to handle connections
[13-Feb-2026 08:23:52] NOTICE: Terminating ...
[13-Feb-2026 08:23:52] NOTICE: Terminating ...
[13-Feb-2026 08:23:52] NOTICE: exiting, bye-bye!
[13-Feb-2026 09:56:23] NOTICE: fpm is running, pid 2658
[13-Feb-2026 09:56:23] NOTICE: ready to handle connections
[13-Feb-2026 15:50:04] NOTICE: Terminating ...
[13-Feb-2026 15:50:04] NOTICE: Terminating ...
[13-Feb-2026 15:50:04] NOTICE: exiting, bye-bye!
[17-Feb-2026 11:36:01] NOTICE: fpm is running, pid 13718
[17-Feb-2026 11:36:01] NOTICE: ready to handle connections
[18-Feb-2026 15:11:05] NOTICE: Terminating ...
[18-Feb-2026 15:11:05] NOTICE: Terminating ...
[18-Feb-2026 15:11:05] NOTICE: exiting, bye-bye!
[19-Feb-2026 10:18:24] NOTICE: fpm is running, pid 24999
[19-Feb-2026 10:18:24] NOTICE: ready to handle connections
[20-Feb-2026 20:14:16] NOTICE: Terminating ...
[20-Feb-2026 20:14:16] NOTICE: Terminating ...
[20-Feb-2026 20:14:16] NOTICE: exiting, bye-bye!
[25-Feb-2026 12:56:04] NOTICE: fpm is running, pid 23374
[25-Feb-2026 12:56:04] NOTICE: ready to handle connections
[26-Feb-2026 00:53:38] NOTICE: Terminating ...
[26-Feb-2026 00:53:38] NOTICE: Terminating ...
[26-Feb-2026 00:53:38] NOTICE: exiting, bye-bye!
[02-Mar-2026 11:02:45] NOTICE: fpm is running, pid 39088
[02-Mar-2026 11:02:45] NOTICE: ready to handle connections
[02-Mar-2026 18:17:33] NOTICE: Terminating ...
[02-Mar-2026 18:17:33] NOTICE: Terminating ...
[02-Mar-2026 18:17:33] NOTICE: exiting, bye-bye!
[03-Mar-2026 12:16:37] NOTICE: fpm is running, pid 8764
[03-Mar-2026 12:16:37] NOTICE: ready to handle connections
[03-Mar-2026 15:36:01] NOTICE: Terminating ...
[03-Mar-2026 15:36:01] NOTICE: Terminating ...
[03-Mar-2026 15:36:01] NOTICE: exiting, bye-bye!
[04-Mar-2026 09:28:37] NOTICE: fpm is running, pid 29947
[04-Mar-2026 09:28:37] NOTICE: ready to handle connections
[04-Mar-2026 14:57:32] NOTICE: Terminating ...
[04-Mar-2026 14:57:32] NOTICE: Terminating ...
[04-Mar-2026 14:57:32] NOTICE: exiting, bye-bye!
[05-Mar-2026 09:29:20] NOTICE: fpm is running, pid 1338
[05-Mar-2026 09:29:20] NOTICE: ready to handle connections
[05-Mar-2026 17:39:01] NOTICE: Terminating ...
[05-Mar-2026 17:39:01] NOTICE: Terminating ...
[05-Mar-2026 17:39:01] NOTICE: exiting, bye-bye!
[09-Mar-2026 09:36:15] NOTICE: fpm is running, pid 21225
[09-Mar-2026 09:36:15] NOTICE: ready to handle connections
[10-Mar-2026 00:31:10] NOTICE: Terminating ...
[10-Mar-2026 00:31:10] NOTICE: Terminating ...
[10-Mar-2026 00:31:10] NOTICE: exiting, bye-bye!
[10-Mar-2026 09:41:12] NOTICE: fpm is running, pid 1321
[10-Mar-2026 09:41:12] NOTICE: ready to handle connections
