2026-02-17T10:36:16+00:00 INFO No se ha podido leer el objeto de reserva. Esto probablemente significa que la reserva ya no existe o no coincide con el tipo esperado. Aquí está el objeto de reserva: WC_Booking Object
(
    [id:protected] => 3708
    [data:protected] => Array
        (
            [start] => 
            [end] => 
            [all_day] => 
            [status] => unpaid
            [cost] => 0
            [customer_id] => 0
            [date_created] => 
            [date_modified] => 
            [google_calendar_event_id] => 0
            [order_id] => 0
            [order_item_id] => 0
            [parent_id] => 0
            [person_counts] => Array
                (
                )

            [product_id] => 0
            [resource_id] => 0
            [local_timezone] => 
            [date_cancelled] => 0
            [note] => 
        )

    [changes:protected] => Array
        (
        )

    [object_read:protected] => 
    [object_type:protected] => booking
    [extra_data:protected] => Array
        (
        )

    [default_data:protected] => Array
        (
            [start] => 
            [end] => 
            [all_day] => 
            [status] => unpaid
            [cost] => 0
            [customer_id] => 0
            [date_created] => 
            [date_modified] => 
            [google_calendar_event_id] => 0
            [order_id] => 0
            [order_item_id] => 0
            [parent_id] => 0
            [person_counts] => Array
                (
                )

            [product_id] => 0
            [resource_id] => 0
            [local_timezone] => 
            [date_cancelled] => 0
            [note] => 
        )

    [data_store:protected] => WC_Data_Store Object
        (
            [instance:WC_Data_Store:private] => WC_Booking_Data_Store Object
                (
                    [meta_type:protected] => post
                    [object_id_field_for_meta:protected] => 
                    [internal_meta_keys:protected] => Array
                        (
                        )

                    [must_exist_meta_keys:protected] => Array
                        (
                        )

                    [booking_meta_key_to_props:WC_Booking_Data_Store:private] => Array
                        (
                            [_booking_all_day] => all_day
                            [_booking_cost] => cost
                            [_booking_customer_id] => customer_id
                            [_booking_order_item_id] => order_item_id
                            [_booking_parent_id] => parent_id
                            [_booking_persons] => person_counts
                            [_booking_product_id] => product_id
                            [_booking_resource_id] => resource_id
                            [_booking_start] => start
                            [_booking_end] => end
                            [_wc_bookings_gcalendar_event_id] => google_calendar_event_id
                            [_local_timezone] => local_timezone
                            [_booking_date_cancelled] => date_cancelled
                            [_booking_note] => note
                        )

                )

            [stores:WC_Data_Store:private] => Array
                (
                    [coupon] => WC_Coupon_Data_Store_CPT
                    [customer] => WC_Customer_Data_Store
                    [customer-download] => WC_Customer_Download_Data_Store
                    [customer-download-log] => WC_Customer_Download_Log_Data_Store
                    [customer-session] => WC_Customer_Data_Store_Session
                    [order] => WC_Order_Data_Store_CPT
                    [order-refund] => WC_Order_Refund_Data_Store_CPT
                    [order-item] => WC_Order_Item_Data_Store
                    [order-item-coupon] => WC_Order_Item_Coupon_Data_Store
                    [order-item-fee] => WC_Order_Item_Fee_Data_Store
                    [order-item-product] => WC_Order_Item_Product_Data_Store
                    [order-item-shipping] => WC_Order_Item_Shipping_Data_Store
                    [order-item-tax] => WC_Order_Item_Tax_Data_Store
                    [payment-token] => WC_Payment_Token_Data_Store
                    [product] => WC_Product_Data_Store_CPT
                    [product-grouped] => WC_Product_Grouped_Data_Store_CPT
                    [product-variable] => WC_Product_Variable_Data_Store_CPT
                    [product-variation] => WC_Product_Variation_Data_Store_CPT
                    [shipping-zone] => WC_Shipping_Zone_Data_Store
                    [webhook] => WC_Webhook_Data_Store
                    [booking] => WC_Booking_Data_Store
                    [product-booking] => WC_Product_Booking_Data_Store_CPT
                    [product-booking-resource] => WC_Product_Booking_Resource_Data_Store_CPT
                    [product-booking-person-type] => WC_Product_Booking_Person_Type_Data_Store_CPT
                    [booking-global-availability] => WC_Global_Availability_Data_Store
                    [report-revenue-stats] => Automattic\WooCommerce\Admin\API\Reports\Orders\Stats\DataStore
                    [report-orders] => Automattic\WooCommerce\Admin\API\Reports\Orders\DataStore
                    [report-orders-stats] => Automattic\WooCommerce\Admin\API\Reports\Orders\Stats\DataStore
                    [report-products] => Automattic\WooCommerce\Admin\API\Reports\Products\DataStore
                    [report-variations] => Automattic\WooCommerce\Admin\API\Reports\Variations\DataStore
                    [report-products-stats] => Automattic\WooCommerce\Admin\API\Reports\Products\Stats\DataStore
                    [report-variations-stats] => Automattic\WooCommerce\Admin\API\Reports\Variations\Stats\DataStore
                    [report-categories] => Automattic\WooCommerce\Admin\API\Reports\Categories\DataStore
                    [report-taxes] => Automattic\WooCommerce\Admin\API\Reports\Taxes\DataStore
                    [report-taxes-stats] => Automattic\WooCommerce\Admin\API\Reports\Taxes\Stats\DataStore
                    [report-coupons] => Automattic\WooCommerce\Admin\API\Reports\Coupons\DataStore
                    [report-coupons-stats] => Automattic\WooCommerce\Admin\API\Reports\Coupons\Stats\DataStore
                    [report-downloads] => Automattic\WooCommerce\Admin\API\Reports\Downloads\DataStore
                    [report-downloads-stats] => Automattic\WooCommerce\Admin\API\Reports\Downloads\Stats\DataStore
                    [admin-note] => Automattic\WooCommerce\Admin\Notes\DataStore
                    [report-customers] => Automattic\WooCommerce\Admin\API\Reports\Customers\DataStore
                    [report-customers-stats] => Automattic\WooCommerce\Admin\API\Reports\Customers\Stats\DataStore
                    [report-stock-stats] => Automattic\WooCommerce\Admin\API\Reports\Stock\Stats\DataStore
                )

            [current_class_name:WC_Data_Store:private] => WC_Booking_Data_Store
            [object_type:WC_Data_Store:private] => booking
        )

    [cache_group:protected] => booking
    [meta_data:protected] => 
    [clone_mode:protected] => duplicate
    [legacy_datastore_props:protected] => Array
        (
        )

    [data_store_name:protected] => booking
    [status_transitioned:protected] => 
    [start_cached:protected] => 
    [end_cached:protected] => 
)
